app/build/outputs/logs/manifest-merger-debug-report.txt
-- Merging decision tree log ---
manifest
ADDED from src\main\AndroidManifest.xml:2:1-37:12
	package
		ADDED from src\main\AndroidManifest.xml:3:5-41
		INJECTED from src\main\AndroidManifest.xml
		INJECTED from src\main\AndroidManifest.xml
	android:versionName
		ADDED from src\main\AndroidManifest.xml:5:5-30
		INJECTED from src\main\AndroidManifest.xml
		INJECTED from src\main\AndroidManifest.xml
	android:versionCode
		ADDED from src\main\AndroidManifest.xml:4:5-28
		INJECTED from src\main\AndroidManifest.xml
		INJECTED from src\main\AndroidManifest.xml
	xmlns:android
		ADDED from src\main\AndroidManifest.xml:2:11-69
uses-sdk
ADDED from src\main\AndroidManifest.xml:7:5-9:41
MERGED from [com.android.support:appcompat-v7:25.3.0] AndroidManifest.xml:21:5-23:78
MERGED from [com.android.support:animated-vector-drawable:25.3.0] AndroidManifest.xml:20:5-44
MERGED from [com.android.support:support-vector-drawable:25.3.0] AndroidManifest.xml:20:5-43
MERGED from [DemoDataManager-master1:SensorDataManager-master:unspecified] AndroidManifest.xml:7:5-9:41
MERGED from [DemoDataManager-master1:SensorManager-master:unspecified] AndroidManifest.xml:28:5-30:41
MERGED from [com.android.support:support-v4:25.3.0] AndroidManifest.xml:21:5-23:54
MERGED from [com.android.support:support-fragment:25.3.0] AndroidManifest.xml:21:5-23:60
MERGED from [com.android.support:support-media-compat:25.3.0] AndroidManifest.xml:21:5-23:63
MERGED from [com.android.support:support-core-ui:25.3.0] AndroidManifest.xml:21:5-23:58
MERGED from [com.android.support:support-core-utils:25.3.0] AndroidManifest.xml:21:5-23:61
MERGED from [com.android.support:support-compat:25.3.0] AndroidManifest.xml:21:5-23:58
	tools:overrideLibrary
		ADDED from [com.android.support:appcompat-v7:25.3.0] AndroidManifest.xml:23:9-75
	android:targetSdkVersion
		ADDED from src\main\AndroidManifest.xml:9:9-38
		INJECTED from src\main\AndroidManifest.xml
		INJECTED from src\main\AndroidManifest.xml
	android:minSdkVersion
		ADDED from src\main\AndroidManifest.xml:8:9-35
		INJECTED from src\main\AndroidManifest.xml
		INJECTED from src\main\AndroidManifest.xml
uses-permission#android.permission.INTERNET
ADDED from src\main\AndroidManifest.xml:15:5-67
MERGED from [DemoDataManager-master1:SensorDataManager-master:unspecified] AndroidManifest.xml:15:5-67
MERGED from [DemoDataManager-master1:SensorManager-master:unspecified] AndroidManifest.xml:40:5-67
	android:name
		ADDED from src\main\AndroidManifest.xml:15:22-64
uses-permission#android.permission.ACCESS_NETWORK_STATE
ADDED from src\main\AndroidManifest.xml:18:5-79
MERGED from [DemoDataManager-master1:SensorDataManager-master:unspecified] AndroidManifest.xml:18:5-79
MERGED from [DemoDataManager-master1:SensorManager-master:unspecified] AndroidManifest.xml:34:5-79
	android:name
		ADDED from src\main\AndroidManifest.xml:18:22-76
application
ADDED from src\main\AndroidManifest.xml:20:5-35:19
MERGED from [com.android.support:appcompat-v7:25.3.0] AndroidManifest.xml:29:5-20
MERGED from [com.android.support:animated-vector-drawable:25.3.0] AndroidManifest.xml:26:5-20
MERGED from [com.android.support:support-vector-drawable:25.3.0] AndroidManifest.xml:26:5-20
MERGED from [DemoDataManager-master1:SensorDataManager-master:unspecified] AndroidManifest.xml:20:5-47
MERGED from [DemoDataManager-master1:SensorManager-master:unspecified] AndroidManifest.xml:62:5-20
MERGED from [com.android.support:support-v4:25.3.0] AndroidManifest.xml:29:5-20
MERGED from [com.android.support:support-fragment:25.3.0] AndroidManifest.xml:29:5-20
MERGED from [com.android.support:support-media-compat:25.3.0] AndroidManifest.xml:29:5-20
MERGED from [com.android.support:support-core-ui:25.3.0] AndroidManifest.xml:29:5-20
MERGED from [com.android.support:support-core-utils:25.3.0] AndroidManifest.xml:29:5-20
MERGED from [com.android.support:support-compat:25.3.0] AndroidManifest.xml:29:5-20
	android:label
		ADDED from src\main\AndroidManifest.xml:24:9-41
	android:allowBackup
		ADDED from src\main\AndroidManifest.xml:22:9-35
	android:icon
		ADDED from src\main\AndroidManifest.xml:23:9-45
	android:theme
		ADDED from src\main\AndroidManifest.xml:25:9-40
	android:name
		ADDED from src\main\AndroidManifest.xml:21:9-66
activity#com.emotionsense.demo.data.MainActivity
ADDED from src\main\AndroidManifest.xml:26:9-34:20
	android:label
		ADDED from src\main\AndroidManifest.xml:28:13-45
	android:name
		ADDED from src\main\AndroidManifest.xml:27:13-67
intent-filter#android.intent.action.MAIN+android.intent.category.LAUNCHER
ADDED from src\main\AndroidManifest.xml:29:13-33:29
action#android.intent.action.MAIN
ADDED from src\main\AndroidManifest.xml:30:17-69
	android:name
		ADDED from src\main\AndroidManifest.xml:30:25-66
category#android.intent.category.LAUNCHER
ADDED from src\main\AndroidManifest.xml:32:17-77
	android:name
		ADDED from src\main\AndroidManifest.xml:32:27-74
meta-data#android.support.VERSION
ADDED from [com.android.support:appcompat-v7:25.3.0] AndroidManifest.xml:25:5-27:34
MERGED from [com.android.support:animated-vector-drawable:25.3.0] AndroidManifest.xml:22:5-24:34
MERGED from [com.android.support:support-vector-drawable:25.3.0] AndroidManifest.xml:22:5-24:34
MERGED from [com.android.support:support-v4:25.3.0] AndroidManifest.xml:25:5-27:34
MERGED from [com.android.support:support-fragment:25.3.0] AndroidManifest.xml:25:5-27:34
MERGED from [com.android.support:support-media-compat:25.3.0] AndroidManifest.xml:25:5-27:34
MERGED from [com.android.support:support-core-ui:25.3.0] AndroidManifest.xml:25:5-27:34
MERGED from [com.android.support:support-core-utils:25.3.0] AndroidManifest.xml:25:5-27:34
MERGED from [com.android.support:support-compat:25.3.0] AndroidManifest.xml:25:5-27:34
	android:value
		ADDED from [com.android.support:appcompat-v7:25.3.0] AndroidManifest.xml:27:9-31
	android:name
		ADDED from [com.android.support:appcompat-v7:25.3.0] AndroidManifest.xml:26:9-47
uses-permission#android.permission.WRITE_EXTERNAL_STORAGE
ADDED from [DemoDataManager-master1:SensorDataManager-master:unspecified] AndroidManifest.xml:12:5-81
MERGED from [DemoDataManager-master1:SensorManager-master:unspecified] AndroidManifest.xml:50:5-81
	android:name
		ADDED from [DemoDataManager-master1:SensorDataManager-master:unspecified] AndroidManifest.xml:12:22-78
uses-permission#android.permission.ACCESS_COARSE_LOCATION
ADDED from [DemoDataManager-master1:SensorManager-master:unspecified] AndroidManifest.xml:32:5-81
	android:name
		ADDED from [DemoDataManager-master1:SensorManager-master:unspecified] AndroidManifest.xml:32:22-78
uses-permission#android.permission.ACCESS_FINE_LOCATION
ADDED from [DemoDataManager-master1:SensorManager-master:unspecified] AndroidManifest.xml:33:5-79
	android:name
		ADDED from [DemoDataManager-master1:SensorManager-master:unspecified] AndroidManifest.xml:33:22-76
uses-permission#android.permission.ACCESS_WIFI_STATE
ADDED from [DemoDataManager-master1:SensorManager-master:unspecified] AndroidManifest.xml:35:5-76
	android:name
		ADDED from [DemoDataManager-master1:SensorManager-master:unspecified] AndroidManifest.xml:35:22-73
uses-permission#android.permission.BATTERY_STATS
ADDED from [DemoDataManager-master1:SensorManager-master:unspecified] AndroidManifest.xml:36:5-72
	android:name
		ADDED from [DemoDataManager-master1:SensorManager-master:unspecified] AndroidManifest.xml:36:22-69
uses-permission#android.permission.BLUETOOTH
ADDED from [DemoDataManager-master1:SensorManager-master:unspecified] AndroidManifest.xml:37:5-68
	android:name
		ADDED from [DemoDataManager-master1:SensorManager-master:unspecified] AndroidManifest.xml:37:22-65
uses-permission#android.permission.BLUETOOTH_ADMIN
ADDED from [DemoDataManager-master1:SensorManager-master:unspecified] AndroidManifest.xml:38:5-74
	android:name
		ADDED from [DemoDataManager-master1:SensorManager-master:unspecified] AndroidManifest.xml:38:22-71
uses-permission#android.permission.CHANGE_WIFI_STATE
ADDED from [DemoDataManager-master1:SensorManager-master:unspecified] AndroidManifest.xml:39:5-76
	android:name
		ADDED from [DemoDataManager-master1:SensorManager-master:unspecified] AndroidManifest.xml:39:22-73
uses-permission#android.permission.PROCESS_OUTGOING_CALLS
ADDED from [DemoDataManager-master1:SensorManager-master:unspecified] AndroidManifest.xml:41:5-81
	android:name
		ADDED from [DemoDataManager-master1:SensorManager-master:unspecified] AndroidManifest.xml:41:22-78
uses-permission#android.permission.READ_PHONE_STATE
ADDED from [DemoDataManager-master1:SensorManager-master:unspecified] AndroidManifest.xml:42:5-75
	android:name
		ADDED from [DemoDataManager-master1:SensorManager-master:unspecified] AndroidManifest.xml:42:22-72
uses-permission#android.permission.RECEIVE_BOOT_COMPLETED
ADDED from [DemoDataManager-master1:SensorManager-master:unspecified] AndroidManifest.xml:43:5-81
	android:name
		ADDED from [DemoDataManager-master1:SensorManager-master:unspecified] AndroidManifest.xml:43:22-78
uses-permission#android.permission.RECORD_AUDIO
ADDED from [DemoDataManager-master1:SensorManager-master:unspecified] AndroidManifest.xml:44:5-71
	android:name
		ADDED from [DemoDataManager-master1:SensorManager-master:unspecified] AndroidManifest.xml:44:22-68
uses-permission#android.permission.UPDATE_DEVICE_STATS
ADDED from [DemoDataManager-master1:SensorManager-master:unspecified] AndroidManifest.xml:45:5-78
	android:name
		ADDED from [DemoDataManager-master1:SensorManager-master:unspecified] AndroidManifest.xml:45:22-75
uses-permission#android.permission.RECEIVE_SMS
ADDED from [DemoDataManager-master1:SensorManager-master:unspecified] AndroidManifest.xml:46:5-70
	android:name
		ADDED from [DemoDataManager-master1:SensorManager-master:unspecified] AndroidManifest.xml:46:22-67
uses-permission#android.permission.READ_SMS
ADDED from [DemoDataManager-master1:SensorManager-master:unspecified] AndroidManifest.xml:47:5-67
	android:name
		ADDED from [DemoDataManager-master1:SensorManager-master:unspecified] AndroidManifest.xml:47:22-64
uses-permission#android.permission.READ_CALL_LOG
ADDED from [DemoDataManager-master1:SensorManager-master:unspecified] AndroidManifest.xml:48:5-72
	android:name
		ADDED from [DemoDataManager-master1:SensorManager-master:unspecified] AndroidManifest.xml:48:22-69
uses-permission#android.permission.GET_TASKS
ADDED from [DemoDataManager-master1:SensorManager-master:unspecified] AndroidManifest.xml:49:5-68
	android:name
		ADDED from [DemoDataManager-master1:SensorManager-master:unspecified] AndroidManifest.xml:49:22-65
uses-feature#android.hardware.sensor.accelerometer
ADDED from [DemoDataManager-master1:SensorManager-master:unspecified] AndroidManifest.xml:52:5-54:35
	android:required
		ADDED from [DemoDataManager-master1:SensorManager-master:unspecified] AndroidManifest.xml:54:9-32
	android:name
		ADDED from [DemoDataManager-master1:SensorManager-master:unspecified] AndroidManifest.xml:53:9-61
uses-feature#android.hardware.sensor.gyroscope
ADDED from [DemoDataManager-master1:SensorManager-master:unspecified] AndroidManifest.xml:55:5-57:36
	android:required
		ADDED from [DemoDataManager-master1:SensorManager-master:unspecified] AndroidManifest.xml:57:9-33
	android:name
		ADDED from [DemoDataManager-master1:SensorManager-master:unspecified] AndroidManifest.xml:56:9-57
uses-feature#android.hardware.camera
ADDED from [DemoDataManager-master1:SensorManager-master:unspecified] AndroidManifest.xml:58:5-60:36
	android:required
		ADDED from [DemoDataManager-master1:SensorManager-master:unspecified] AndroidManifest.xml:60:9-33
	android:name
		ADDED from [DemoDataManager-master1:SensorManager-master:unspecified] AndroidManifest.xml:59:9-47